[2025-05-17T06:09:37.245+0000] {local_task_job_runner.py:123} INFO - ::group::Pre task execution logs
[2025-05-17T06:09:37.265+0000] {taskinstance.py:2614} INFO - Dependencies all met for dep_context=non-requeueable deps ti=<TaskInstance: daily_stock_news_and_sentiment_dag.fetch_news_and_sentiments manual__2025-05-17T06:03:54.092478+00:00 [queued]>
[2025-05-17T06:09:37.274+0000] {taskinstance.py:2614} INFO - Dependencies all met for dep_context=requeueable deps ti=<TaskInstance: daily_stock_news_and_sentiment_dag.fetch_news_and_sentiments manual__2025-05-17T06:03:54.092478+00:00 [queued]>
[2025-05-17T06:09:37.275+0000] {taskinstance.py:2867} INFO - Starting attempt 2 of 2
[2025-05-17T06:09:37.294+0000] {taskinstance.py:2890} INFO - Executing <Task(PythonOperator): fetch_news_and_sentiments> on 2025-05-17 06:03:54.092478+00:00
[2025-05-17T06:09:37.304+0000] {standard_task_runner.py:72} INFO - Started process 9238 to run task
[2025-05-17T06:09:37.309+0000] {standard_task_runner.py:104} INFO - Running: ['***', 'tasks', 'run', 'daily_stock_news_and_sentiment_dag', 'fetch_news_and_sentiments', 'manual__2025-05-17T06:03:54.092478+00:00', '--job-id', '30', '--raw', '--subdir', 'DAGS_FOLDER/daily_news_sentiment_dag.py', '--cfg-path', '/tmp/tmpa138g19i']
[2025-05-17T06:09:37.310+0000] {standard_task_runner.py:105} INFO - Job 30: Subtask fetch_news_and_sentiments
[2025-05-17T06:09:37.372+0000] {task_command.py:467} INFO - Running <TaskInstance: daily_stock_news_and_sentiment_dag.fetch_news_and_sentiments manual__2025-05-17T06:03:54.092478+00:00 [running]> on host 9f5193fcdf75
[2025-05-17T06:09:37.469+0000] {taskinstance.py:3134} INFO - Exporting env vars: AIRFLOW_CTX_DAG_OWNER='***' AIRFLOW_CTX_DAG_ID='daily_stock_news_and_sentiment_dag' AIRFLOW_CTX_TASK_ID='fetch_news_and_sentiments' AIRFLOW_CTX_EXECUTION_DATE='2025-05-17T06:03:54.092478+00:00' AIRFLOW_CTX_TRY_NUMBER='2' AIRFLOW_CTX_DAG_RUN_ID='manual__2025-05-17T06:03:54.092478+00:00'
[2025-05-17T06:09:37.472+0000] {logging_mixin.py:190} INFO - Task instance is in running state
[2025-05-17T06:09:37.472+0000] {logging_mixin.py:190} INFO -  Previous state of the Task instance: queued
[2025-05-17T06:09:37.473+0000] {logging_mixin.py:190} INFO - Current task name:fetch_news_and_sentiments state:running start_date:2025-05-17 06:09:37.266232+00:00
[2025-05-17T06:09:37.473+0000] {logging_mixin.py:190} INFO - Dag name:daily_stock_news_and_sentiment_dag and current dag run status:running
[2025-05-17T06:09:37.474+0000] {taskinstance.py:732} INFO - ::endgroup::
[2025-05-17T06:09:43.599+0000] {base.py:84} INFO - Retrieving connection '***_default'
[2025-05-17T06:09:43.656+0000] {taskinstance.py:3313} ERROR - Task failed with exception
Traceback (most recent call last):
  File "/home/airflow/.local/lib/python3.9/site-packages/sqlalchemy/engine/base.py", line 1890, in _execute_context
    self.dialect.do_executemany(
  File "/home/airflow/.local/lib/python3.9/site-packages/sqlalchemy/dialects/postgresql/psycopg2.py", line 982, in do_executemany
    context._psycopg2_fetched_rows = xtras.execute_values(
  File "/home/airflow/.local/lib/python3.9/site-packages/psycopg2/extras.py", line 1299, in execute_values
    cur.execute(b''.join(parts))
psycopg2.errors.UndefinedColumn: column "ticker" of relation "news_data" does not exist
LINE 1: INSERT INTO news_data (ticker, date, source, title, descript...
                               ^


The above exception was the direct cause of the following exception:

Traceback (most recent call last):
  File "/home/airflow/.local/lib/python3.9/site-packages/airflow/models/taskinstance.py", line 768, in _execute_task
    result = _execute_callable(context=context, **execute_callable_kwargs)
  File "/home/airflow/.local/lib/python3.9/site-packages/airflow/models/taskinstance.py", line 734, in _execute_callable
    return ExecutionCallableRunner(
  File "/home/airflow/.local/lib/python3.9/site-packages/airflow/utils/operator_helpers.py", line 252, in run
    return self.func(*args, **kwargs)
  File "/home/airflow/.local/lib/python3.9/site-packages/airflow/models/baseoperator.py", line 424, in wrapper
    return func(self, *args, **kwargs)
  File "/home/airflow/.local/lib/python3.9/site-packages/airflow/operators/python.py", line 238, in execute
    return_value = self.execute_callable()
  File "/home/airflow/.local/lib/python3.9/site-packages/airflow/operators/python.py", line 256, in execute_callable
    return runner.run(*self.op_args, **self.op_kwargs)
  File "/home/airflow/.local/lib/python3.9/site-packages/airflow/utils/operator_helpers.py", line 252, in run
    return self.func(*args, **kwargs)
  File "/opt/airflow/dags/daily_news_sentiment_dag.py", line 171, in fetch_news_and_sentiments
    news_df.to_sql("news_data", con=engine, if_exists="append", index=False)
  File "/home/airflow/.local/lib/python3.9/site-packages/pandas/core/generic.py", line 2951, in to_sql
    return sql.to_sql(
  File "/home/airflow/.local/lib/python3.9/site-packages/pandas/io/sql.py", line 697, in to_sql
    return pandas_sql.to_sql(
  File "/home/airflow/.local/lib/python3.9/site-packages/pandas/io/sql.py", line 1739, in to_sql
    total_inserted = sql_engine.insert_records(
  File "/home/airflow/.local/lib/python3.9/site-packages/pandas/io/sql.py", line 1332, in insert_records
    raise err
  File "/home/airflow/.local/lib/python3.9/site-packages/pandas/io/sql.py", line 1322, in insert_records
    return table.insert(chunksize=chunksize, method=method)
  File "/home/airflow/.local/lib/python3.9/site-packages/pandas/io/sql.py", line 950, in insert
    num_inserted = exec_insert(conn, keys, chunk_iter)
  File "/home/airflow/.local/lib/python3.9/site-packages/pandas/io/sql.py", line 857, in _execute_insert
    result = conn.execute(self.table.insert(), data)
  File "/home/airflow/.local/lib/python3.9/site-packages/sqlalchemy/engine/base.py", line 1385, in execute
    return meth(self, multiparams, params, _EMPTY_EXECUTION_OPTS)
  File "/home/airflow/.local/lib/python3.9/site-packages/sqlalchemy/sql/elements.py", line 334, in _execute_on_connection
    return connection._execute_clauseelement(
  File "/home/airflow/.local/lib/python3.9/site-packages/sqlalchemy/engine/base.py", line 1577, in _execute_clauseelement
    ret = self._execute_context(
  File "/home/airflow/.local/lib/python3.9/site-packages/sqlalchemy/engine/base.py", line 1953, in _execute_context
    self._handle_dbapi_exception(
  File "/home/airflow/.local/lib/python3.9/site-packages/sqlalchemy/engine/base.py", line 2134, in _handle_dbapi_exception
    util.raise_(
  File "/home/airflow/.local/lib/python3.9/site-packages/sqlalchemy/util/compat.py", line 211, in raise_
    raise exception
  File "/home/airflow/.local/lib/python3.9/site-packages/sqlalchemy/engine/base.py", line 1890, in _execute_context
    self.dialect.do_executemany(
  File "/home/airflow/.local/lib/python3.9/site-packages/sqlalchemy/dialects/postgresql/psycopg2.py", line 982, in do_executemany
    context._psycopg2_fetched_rows = xtras.execute_values(
  File "/home/airflow/.local/lib/python3.9/site-packages/psycopg2/extras.py", line 1299, in execute_values
    cur.execute(b''.join(parts))
sqlalchemy.exc.ProgrammingError: (psycopg2.errors.UndefinedColumn) column "ticker" of relation "news_data" does not exist
LINE 1: INSERT INTO news_data (ticker, date, source, title, descript...
                               ^

[SQL: INSERT INTO news_data (ticker, date, source, title, description, url, content, text, sentiment) VALUES (%(ticker)s, %(date)s, %(source)s, %(title)s, %(description)s, %(url)s, %(content)s, %(text)s, %(sentiment)s)]
[parameters: ({'ticker': 'Apple', 'date': '2025-05-16', 'source': 'The Verge', 'title': 'Apple Music’s new transfer tool simplifies switching from other streaming services', 'description': 'To potentially make it easier for users of streaming services like Spotify to switch, Apple Music has introduced a new built-in tool for importing libraries and playlists. A support page added to Apple’s website this week includes details on how to use the fe…', 'url': 'https://www.theverge.com/news/668369/apple-music-transfer-tool-library-playlists', 'content': 'You can transfer songs, albums, and playlists from other services, but its only available in Australia and New Zealand.\r\nYou can transfer songs, albums, and playlists from other services, but its onl… [+2003 chars]', 'text': 'Apple Music’s new transfer tool simplifies switching from other streaming services To potentially make it easier for users of streaming services like ... (45 characters truncated) ... d a new built-in tool for importing libraries and playlists. A support page added to Apple’s website this week includes details on how to use the fe…', 'sentiment': 0.9956304293591529}, {'ticker': 'Apple', 'date': '2025-05-16', 'source': 'MacRumors', 'title': 'Apple Pay, Apple Card, Wallet and Apple Cash Currently Experiencing Service Issues', 'description': "If you're having problems using your Apple Card, Apple Cash, Apple Pay, or the Wallet app, you're not alone. According to Apple's System Status page, there is an ongoing issue affecting these services.\n\n\n\n\n\nApple says that some users may be experiencing issue…", 'url': 'https://www.macrumors.com/2025/05/16/apple-pay-apple-card-wallet-outage/', 'content': "If you're having problems using your Apple Card, Apple Cash, Apple Pay, or the Wallet app, you're not alone. According to Apple's System Status page, there is an ongoing issue affecting these service… [+338 chars]", 'text': "Apple Pay, Apple Card, Wallet and Apple Cash Currently Experiencing Service Issues If you're having problems using your Apple Card, Apple Cash, Apple ... (51 characters truncated) ... g to Apple's System Status page, there is an ongoing issue affecting these services.\n\n\n\n\n\nApple says that some users may be experiencing issue…", 'sentiment': 1.892272894110647e-05}, {'ticker': 'Apple', 'date': '2025-05-16', 'source': 'MacRumors', 'title': 'Best Apple Deals of the Week: Sitewide Sales Hit Anker, Verizon, Samsung, and More, Plus BOGO Apple Watch Band Sale at Woot', 'description': "This week's best deals include a big sitewide sale at Anker that's exclusive to MacRumors readers, a BOGO Apple Watch band sale at Woot, and a couple of solid discounts on iPhone charging stations and Jackery portable batteries at Amazon. We're also tracking …", 'url': 'https://www.macrumors.com/2025/05/16/best-apple-deals-of-the-week-5-16-25/', 'content': "This week's best deals include a big sitewide sale at Anker that's exclusive to MacRumors readers, a BOGO Apple Watch band sale at Woot, and a couple of solid discounts on iPhone charging stations an… [+3940 chars]", 'text': "Best Apple Deals of the Week: Sitewide Sales Hit Anker, Verizon, Samsung, and More, Plus BOGO Apple Watch Band Sale at Woot This week's best deals in ... (86 characters truncated) ...  Watch band sale at Woot, and a couple of solid discounts on iPhone charging stations and Jackery portable batteries at Amazon. We're also tracking …", 'sentiment': 0.9118390008807182}, {'ticker': 'Apple', 'date': '2025-05-16', 'source': 'MacRumors', 'title': 'Apple Stops Signing iPadOS 17.7.7 After Reports of App Login Issues', 'description': 'Apple has stopped signing the iPadOS 17.7.7 update that was released earlier this week for devices unable to run versions of iPadOS 18, meaning that users will not be able to install the update even if they see it available in Software Update. Affected device…', 'url': 'https://www.macrumors.com/2025/05/15/apple-stops-signing-ipados-17-7-7/', 'content': 'Apple has stopped signing the iPadOS 17.7.7 update that was released earlier this week for devices unable to run versions of iPadOS 18, meaning that users will not be able to install the update even … [+1661 chars]', 'text': 'Apple Stops Signing iPadOS 17.7.7 After Reports of App Login Issues Apple has stopped signing the iPadOS 17.7.7 update that was released earlier this ... (30 characters truncated) ... n versions of iPadOS 18, meaning that users will not be able to install the update even if they see it available in Software Update. Affected device…', 'sentiment': 0.003904719320416916}, {'ticker': 'Apple', 'date': '2025-05-16', 'source': 'MacRumors', 'title': "Apple Says Fortnite for iOS Isn't Blocked Worldwide, Just the U.S.", 'description': 'Apple today clarified that it has not blocked Epic Games from updating the iOS Fortnite app in the European Union, but it is not planning to allow \u200cEpic Games\u200c to offer Fortnite in the United States App Store at the current time.\n\n\n\n\n\nIn a statement to Bloomb…', 'url': 'https://www.macrumors.com/2025/05/16/apple-fortnite-ios-not-blocked-worldwide/', 'content': 'Apple today clarified that it has not blocked Epic Games from updating the iOS Fortnite app in the European Union, but it is not planning to allow \u200cEpic Games\u200c to offer Fortnite in the United States … [+3089 chars]', 'text': "Apple Says Fortnite for iOS Isn't Blocked Worldwide, Just the U.S. Apple today clarified that it has not blocked Epic Games from updating the iOS For ... (45 characters truncated) ... t planning to allow \u200cEpic Games\u200c to offer Fortnite in the United States App Store at the current time.\n\n\n\n\n\nIn a statement to Bloomb…", 'sentiment': 0.9999450083842021}, {'ticker': 'Apple', 'date': '2025-05-16', 'source': 'MacRumors', 'title': 'MacRumors Giveaway: Win an Apple Watch Ultra 2 From GRID Studio', 'description': "For this week's giveaway, we've teamed up with GRID Studio to offer MacRumors readers a chance to win an Apple Watch Ultra 2. GRID Studio is known for taking non-operational Apple devices that would be cluttering up a landfill and turning them into stylish ar…", 'url': 'https://www.macrumors.com/2025/05/16/macrumors-giveaway-grid-studio-apple-watch-may/', 'content': "For this week's giveaway, we've teamed up with GRID Studio to offer MacRumors readers a chance to win an Apple Watch Ultra 2. GRID Studio is known for taking non-operational Apple devices that would … [+3054 chars]", 'text': "MacRumors Giveaway: Win an Apple Watch Ultra 2 From GRID Studio For this week's giveaway, we've teamed up with GRID Studio to offer MacRumors readers ... (26 characters truncated) ... Watch Ultra 2. GRID Studio is known for taking non-operational Apple devices that would be cluttering up a landfill and turning them into stylish ar…", 'sentiment': 0.9935813960619271}, {'ticker': 'Apple', 'date': '2025-05-16', 'source': 'AppleInsider', 'title': 'Apple Pay and Apple Cash experienced an outage on Friday', 'description': 'An Apple Pay and Apple Cash problem left users unable to complete transactions for just over an hour on Friday, as Apple was quick to resolve the issues.Apple Pay and other Apple services experienced an outage on Friday.According to the System Status page on …', 'url': 'https://appleinsider.com/articles/25/05/16/apple-pay-and-apple-cash-experienced-an-outage-on-friday', 'content': 'An Apple Pay and Apple Cash problem left users unable to complete transactions for just over an hour on Friday, as Apple was quick to resolve the issues.\r\nAccording to the System Status page on Apple… [+1332 chars]', 'text': 'Apple Pay and Apple Cash experienced an outage on Friday An Apple Pay and Apple Cash problem left users unable to complete transactions for just over ... (19 characters truncated) ...  as Apple was quick to resolve the issues.Apple Pay and other Apple services experienced an outage on Friday.According to the System Status page on …', 'sentiment': 0.00019655655705719255}, {'ticker': 'Apple', 'date': '2025-05-16', 'source': '9to5Mac', 'title': 'Apple Pay and Apple Cash are down for many iPhone users', 'description': 'Trying to make a payment using your iPhone? You might need to use a third-party service, as Apple Cash appears to be down, and Apple Pay looks to be struggling too.\n\n\n\n more…', 'url': 'https://9to5mac.com/2025/05/16/apple-pay-and-apple-cash-are-down-for-many-iphone-users/', 'content': 'Trying to make a payment using your iPhone? You might need to use a third-party service, as Apple Cash appears to be down, and Apple Pay looks to be struggling too.\r\nMany users on social media have r… [+862 chars]', 'text': 'Apple Pay and Apple Cash are down for many iPhone users Trying to make a payment using your iPhone? You might need to use a third-party service, as Apple Cash appears to be down, and Apple Pay looks to be struggling too.\n\n\n\n more…', 'sentiment': 1.739777781040175e-05}, {'ticker': 'Apple', 'date': '2025-05-16', 'source': '9to5Mac', 'title': 'Apple News+ is quickly becoming a hidden gem in the Apple ecosystem', 'description': '9to5Mac is brought to you by Incogni: Protect your personal info from prying eyes. With Incogni, you can scrub your deeply sensitive information from data brokers across the web, including people search sites. Incogni limits your phone number, address, email,…', 'url': 'https://9to5mac.com/2025/05/16/apple-news-hidden-gen-in-apples-ecosystem/', 'content': '9to5Mac is brought to you by Incogni:Protect your personal info from prying eyes. With Incogni, you can scrub your deeply sensitive information from data brokers across the web, including people sear… [+3639 chars]', 'text': 'Apple News+ is quickly becoming a hidden gem in the Apple ecosystem 9to5Mac is brought to you by Incogni: Protect your personal info from prying eyes ... (30 characters truncated) ... your deeply sensitive information from data brokers across the web, including people search sites. Incogni limits your phone number, address, email,…', 'sentiment': 0.9555330984294415})]
(Background on this error at: https://sqlalche.me/e/14/f405)
[2025-05-17T06:09:43.672+0000] {logging_mixin.py:190} INFO - Task instance in failure state
[2025-05-17T06:09:43.673+0000] {logging_mixin.py:190} INFO - Task start:2025-05-17 06:09:37.266232+00:00 end:2025-05-17 06:09:43.671796+00:00 duration:6.405564
[2025-05-17T06:09:43.673+0000] {logging_mixin.py:190} INFO - Task:<Task(PythonOperator): fetch_news_and_sentiments> dag:<DAG: daily_stock_news_and_sentiment_dag> dagrun:<DagRun daily_stock_news_and_sentiment_dag @ 2025-05-17 06:03:54.092478+00:00: manual__2025-05-17T06:03:54.092478+00:00, state:running, queued_at: 2025-05-17 06:03:54.202566+00:00. externally triggered: True>
[2025-05-17T06:09:43.674+0000] {logging_mixin.py:190} INFO - Failure caused by (psycopg2.errors.UndefinedColumn) column "ticker" of relation "news_data" does not exist
LINE 1: INSERT INTO news_data (ticker, date, source, title, descript...
                               ^

[SQL: INSERT INTO news_data (ticker, date, source, title, description, url, content, text, sentiment) VALUES (%(ticker)s, %(date)s, %(source)s, %(title)s, %(description)s, %(url)s, %(content)s, %(text)s, %(sentiment)s)]
[parameters: ({'ticker': 'Apple', 'date': '2025-05-16', 'source': 'The Verge', 'title': 'Apple Music’s new transfer tool simplifies switching from other streaming services', 'description': 'To potentially make it easier for users of streaming services like Spotify to switch, Apple Music has introduced a new built-in tool for importing libraries and playlists. A support page added to Apple’s website this week includes details on how to use the fe…', 'url': 'https://www.theverge.com/news/668369/apple-music-transfer-tool-library-playlists', 'content': 'You can transfer songs, albums, and playlists from other services, but its only available in Australia and New Zealand.\r\nYou can transfer songs, albums, and playlists from other services, but its onl… [+2003 chars]', 'text': 'Apple Music’s new transfer tool simplifies switching from other streaming services To potentially make it easier for users of streaming services like ... (45 characters truncated) ... d a new built-in tool for importing libraries and playlists. A support page added to Apple’s website this week includes details on how to use the fe…', 'sentiment': 0.9956304293591529}, {'ticker': 'Apple', 'date': '2025-05-16', 'source': 'MacRumors', 'title': 'Apple Pay, Apple Card, Wallet and Apple Cash Currently Experiencing Service Issues', 'description': "If you're having problems using your Apple Card, Apple Cash, Apple Pay, or the Wallet app, you're not alone. According to Apple's System Status page, there is an ongoing issue affecting these services.\n\n\n\n\n\nApple says that some users may be experiencing issue…", 'url': 'https://www.macrumors.com/2025/05/16/apple-pay-apple-card-wallet-outage/', 'content': "If you're having problems using your Apple Card, Apple Cash, Apple Pay, or the Wallet app, you're not alone. According to Apple's System Status page, there is an ongoing issue affecting these service… [+338 chars]", 'text': "Apple Pay, Apple Card, Wallet and Apple Cash Currently Experiencing Service Issues If you're having problems using your Apple Card, Apple Cash, Apple ... (51 characters truncated) ... g to Apple's System Status page, there is an ongoing issue affecting these services.\n\n\n\n\n\nApple says that some users may be experiencing issue…", 'sentiment': 1.892272894110647e-05}, {'ticker': 'Apple', 'date': '2025-05-16', 'source': 'MacRumors', 'title': 'Best Apple Deals of the Week: Sitewide Sales Hit Anker, Verizon, Samsung, and More, Plus BOGO Apple Watch Band Sale at Woot', 'description': "This week's best deals include a big sitewide sale at Anker that's exclusive to MacRumors readers, a BOGO Apple Watch band sale at Woot, and a couple of solid discounts on iPhone charging stations and Jackery portable batteries at Amazon. We're also tracking …", 'url': 'https://www.macrumors.com/2025/05/16/best-apple-deals-of-the-week-5-16-25/', 'content': "This week's best deals include a big sitewide sale at Anker that's exclusive to MacRumors readers, a BOGO Apple Watch band sale at Woot, and a couple of solid discounts on iPhone charging stations an… [+3940 chars]", 'text': "Best Apple Deals of the Week: Sitewide Sales Hit Anker, Verizon, Samsung, and More, Plus BOGO Apple Watch Band Sale at Woot This week's best deals in ... (86 characters truncated) ...  Watch band sale at Woot, and a couple of solid discounts on iPhone charging stations and Jackery portable batteries at Amazon. We're also tracking …", 'sentiment': 0.9118390008807182}, {'ticker': 'Apple', 'date': '2025-05-16', 'source': 'MacRumors', 'title': 'Apple Stops Signing iPadOS 17.7.7 After Reports of App Login Issues', 'description': 'Apple has stopped signing the iPadOS 17.7.7 update that was released earlier this week for devices unable to run versions of iPadOS 18, meaning that users will not be able to install the update even if they see it available in Software Update. Affected device…', 'url': 'https://www.macrumors.com/2025/05/15/apple-stops-signing-ipados-17-7-7/', 'content': 'Apple has stopped signing the iPadOS 17.7.7 update that was released earlier this week for devices unable to run versions of iPadOS 18, meaning that users will not be able to install the update even … [+1661 chars]', 'text': 'Apple Stops Signing iPadOS 17.7.7 After Reports of App Login Issues Apple has stopped signing the iPadOS 17.7.7 update that was released earlier this ... (30 characters truncated) ... n versions of iPadOS 18, meaning that users will not be able to install the update even if they see it available in Software Update. Affected device…', 'sentiment': 0.003904719320416916}, {'ticker': 'Apple', 'date': '2025-05-16', 'source': 'MacRumors', 'title': "Apple Says Fortnite for iOS Isn't Blocked Worldwide, Just the U.S.", 'description': 'Apple today clarified that it has not blocked Epic Games from updating the iOS Fortnite app in the European Union, but it is not planning to allow \u200cEpic Games\u200c to offer Fortnite in the United States App Store at the current time.\n\n\n\n\n\nIn a statement to Bloomb…', 'url': 'https://www.macrumors.com/2025/05/16/apple-fortnite-ios-not-blocked-worldwide/', 'content': 'Apple today clarified that it has not blocked Epic Games from updating the iOS Fortnite app in the European Union, but it is not planning to allow \u200cEpic Games\u200c to offer Fortnite in the United States … [+3089 chars]', 'text': "Apple Says Fortnite for iOS Isn't Blocked Worldwide, Just the U.S. Apple today clarified that it has not blocked Epic Games from updating the iOS For ... (45 characters truncated) ... t planning to allow \u200cEpic Games\u200c to offer Fortnite in the United States App Store at the current time.\n\n\n\n\n\nIn a statement to Bloomb…", 'sentiment': 0.9999450083842021}, {'ticker': 'Apple', 'date': '2025-05-16', 'source': 'MacRumors', 'title': 'MacRumors Giveaway: Win an Apple Watch Ultra 2 From GRID Studio', 'description': "For this week's giveaway, we've teamed up with GRID Studio to offer MacRumors readers a chance to win an Apple Watch Ultra 2. GRID Studio is known for taking non-operational Apple devices that would be cluttering up a landfill and turning them into stylish ar…", 'url': 'https://www.macrumors.com/2025/05/16/macrumors-giveaway-grid-studio-apple-watch-may/', 'content': "For this week's giveaway, we've teamed up with GRID Studio to offer MacRumors readers a chance to win an Apple Watch Ultra 2. GRID Studio is known for taking non-operational Apple devices that would … [+3054 chars]", 'text': "MacRumors Giveaway: Win an Apple Watch Ultra 2 From GRID Studio For this week's giveaway, we've teamed up with GRID Studio to offer MacRumors readers ... (26 characters truncated) ... Watch Ultra 2. GRID Studio is known for taking non-operational Apple devices that would be cluttering up a landfill and turning them into stylish ar…", 'sentiment': 0.9935813960619271}, {'ticker': 'Apple', 'date': '2025-05-16', 'source': 'AppleInsider', 'title': 'Apple Pay and Apple Cash experienced an outage on Friday', 'description': 'An Apple Pay and Apple Cash problem left users unable to complete transactions for just over an hour on Friday, as Apple was quick to resolve the issues.Apple Pay and other Apple services experienced an outage on Friday.According to the System Status page on …', 'url': 'https://appleinsider.com/articles/25/05/16/apple-pay-and-apple-cash-experienced-an-outage-on-friday', 'content': 'An Apple Pay and Apple Cash problem left users unable to complete transactions for just over an hour on Friday, as Apple was quick to resolve the issues.\r\nAccording to the System Status page on Apple… [+1332 chars]', 'text': 'Apple Pay and Apple Cash experienced an outage on Friday An Apple Pay and Apple Cash problem left users unable to complete transactions for just over ... (19 characters truncated) ...  as Apple was quick to resolve the issues.Apple Pay and other Apple services experienced an outage on Friday.According to the System Status page on …', 'sentiment': 0.00019655655705719255}, {'ticker': 'Apple', 'date': '2025-05-16', 'source': '9to5Mac', 'title': 'Apple Pay and Apple Cash are down for many iPhone users', 'description': 'Trying to make a payment using your iPhone? You might need to use a third-party service, as Apple Cash appears to be down, and Apple Pay looks to be struggling too.\n\n\n\n more…', 'url': 'https://9to5mac.com/2025/05/16/apple-pay-and-apple-cash-are-down-for-many-iphone-users/', 'content': 'Trying to make a payment using your iPhone? You might need to use a third-party service, as Apple Cash appears to be down, and Apple Pay looks to be struggling too.\r\nMany users on social media have r… [+862 chars]', 'text': 'Apple Pay and Apple Cash are down for many iPhone users Trying to make a payment using your iPhone? You might need to use a third-party service, as Apple Cash appears to be down, and Apple Pay looks to be struggling too.\n\n\n\n more…', 'sentiment': 1.739777781040175e-05}, {'ticker': 'Apple', 'date': '2025-05-16', 'source': '9to5Mac', 'title': 'Apple News+ is quickly becoming a hidden gem in the Apple ecosystem', 'description': '9to5Mac is brought to you by Incogni: Protect your personal info from prying eyes. With Incogni, you can scrub your deeply sensitive information from data brokers across the web, including people search sites. Incogni limits your phone number, address, email,…', 'url': 'https://9to5mac.com/2025/05/16/apple-news-hidden-gen-in-apples-ecosystem/', 'content': '9to5Mac is brought to you by Incogni:Protect your personal info from prying eyes. With Incogni, you can scrub your deeply sensitive information from data brokers across the web, including people sear… [+3639 chars]', 'text': 'Apple News+ is quickly becoming a hidden gem in the Apple ecosystem 9to5Mac is brought to you by Incogni: Protect your personal info from prying eyes ... (30 characters truncated) ... your deeply sensitive information from data brokers across the web, including people search sites. Incogni limits your phone number, address, email,…', 'sentiment': 0.9555330984294415})]
(Background on this error at: https://sqlalche.me/e/14/f405)
[2025-05-17T06:09:43.675+0000] {taskinstance.py:1226} INFO - Marking task as FAILED. dag_id=daily_stock_news_and_sentiment_dag, task_id=fetch_news_and_sentiments, run_id=manual__2025-05-17T06:03:54.092478+00:00, execution_date=20250517T060354, start_date=20250517T060937, end_date=20250517T060943
[2025-05-17T06:09:43.705+0000] {taskinstance.py:341} INFO - ::group::Post task execution logs
[2025-05-17T06:09:43.706+0000] {standard_task_runner.py:124} ERROR - Failed to execute job 30 for task fetch_news_and_sentiments ((psycopg2.errors.UndefinedColumn) column "ticker" of relation "news_data" does not exist
LINE 1: INSERT INTO news_data (ticker, date, source, title, descript...
                               ^

[SQL: INSERT INTO news_data (ticker, date, source, title, description, url, content, text, sentiment) VALUES (%(ticker)s, %(date)s, %(source)s, %(title)s, %(description)s, %(url)s, %(content)s, %(text)s, %(sentiment)s)]
[parameters: ({'ticker': 'Apple', 'date': '2025-05-16', 'source': 'The Verge', 'title': 'Apple Music’s new transfer tool simplifies switching from other streaming services', 'description': 'To potentially make it easier for users of streaming services like Spotify to switch, Apple Music has introduced a new built-in tool for importing libraries and playlists. A support page added to Apple’s website this week includes details on how to use the fe…', 'url': 'https://www.theverge.com/news/668369/apple-music-transfer-tool-library-playlists', 'content': 'You can transfer songs, albums, and playlists from other services, but its only available in Australia and New Zealand.\r\nYou can transfer songs, albums, and playlists from other services, but its onl… [+2003 chars]', 'text': 'Apple Music’s new transfer tool simplifies switching from other streaming services To potentially make it easier for users of streaming services like ... (45 characters truncated) ... d a new built-in tool for importing libraries and playlists. A support page added to Apple’s website this week includes details on how to use the fe…', 'sentiment': 0.9956304293591529}, {'ticker': 'Apple', 'date': '2025-05-16', 'source': 'MacRumors', 'title': 'Apple Pay, Apple Card, Wallet and Apple Cash Currently Experiencing Service Issues', 'description': "If you're having problems using your Apple Card, Apple Cash, Apple Pay, or the Wallet app, you're not alone. According to Apple's System Status page, there is an ongoing issue affecting these services.\n\n\n\n\n\nApple says that some users may be experiencing issue…", 'url': 'https://www.macrumors.com/2025/05/16/apple-pay-apple-card-wallet-outage/', 'content': "If you're having problems using your Apple Card, Apple Cash, Apple Pay, or the Wallet app, you're not alone. According to Apple's System Status page, there is an ongoing issue affecting these service… [+338 chars]", 'text': "Apple Pay, Apple Card, Wallet and Apple Cash Currently Experiencing Service Issues If you're having problems using your Apple Card, Apple Cash, Apple ... (51 characters truncated) ... g to Apple's System Status page, there is an ongoing issue affecting these services.\n\n\n\n\n\nApple says that some users may be experiencing issue…", 'sentiment': 1.892272894110647e-05}, {'ticker': 'Apple', 'date': '2025-05-16', 'source': 'MacRumors', 'title': 'Best Apple Deals of the Week: Sitewide Sales Hit Anker, Verizon, Samsung, and More, Plus BOGO Apple Watch Band Sale at Woot', 'description': "This week's best deals include a big sitewide sale at Anker that's exclusive to MacRumors readers, a BOGO Apple Watch band sale at Woot, and a couple of solid discounts on iPhone charging stations and Jackery portable batteries at Amazon. We're also tracking …", 'url': 'https://www.macrumors.com/2025/05/16/best-apple-deals-of-the-week-5-16-25/', 'content': "This week's best deals include a big sitewide sale at Anker that's exclusive to MacRumors readers, a BOGO Apple Watch band sale at Woot, and a couple of solid discounts on iPhone charging stations an… [+3940 chars]", 'text': "Best Apple Deals of the Week: Sitewide Sales Hit Anker, Verizon, Samsung, and More, Plus BOGO Apple Watch Band Sale at Woot This week's best deals in ... (86 characters truncated) ...  Watch band sale at Woot, and a couple of solid discounts on iPhone charging stations and Jackery portable batteries at Amazon. We're also tracking …", 'sentiment': 0.9118390008807182}, {'ticker': 'Apple', 'date': '2025-05-16', 'source': 'MacRumors', 'title': 'Apple Stops Signing iPadOS 17.7.7 After Reports of App Login Issues', 'description': 'Apple has stopped signing the iPadOS 17.7.7 update that was released earlier this week for devices unable to run versions of iPadOS 18, meaning that users will not be able to install the update even if they see it available in Software Update. Affected device…', 'url': 'https://www.macrumors.com/2025/05/15/apple-stops-signing-ipados-17-7-7/', 'content': 'Apple has stopped signing the iPadOS 17.7.7 update that was released earlier this week for devices unable to run versions of iPadOS 18, meaning that users will not be able to install the update even … [+1661 chars]', 'text': 'Apple Stops Signing iPadOS 17.7.7 After Reports of App Login Issues Apple has stopped signing the iPadOS 17.7.7 update that was released earlier this ... (30 characters truncated) ... n versions of iPadOS 18, meaning that users will not be able to install the update even if they see it available in Software Update. Affected device…', 'sentiment': 0.003904719320416916}, {'ticker': 'Apple', 'date': '2025-05-16', 'source': 'MacRumors', 'title': "Apple Says Fortnite for iOS Isn't Blocked Worldwide, Just the U.S.", 'description': 'Apple today clarified that it has not blocked Epic Games from updating the iOS Fortnite app in the European Union, but it is not planning to allow \u200cEpic Games\u200c to offer Fortnite in the United States App Store at the current time.\n\n\n\n\n\nIn a statement to Bloomb…', 'url': 'https://www.macrumors.com/2025/05/16/apple-fortnite-ios-not-blocked-worldwide/', 'content': 'Apple today clarified that it has not blocked Epic Games from updating the iOS Fortnite app in the European Union, but it is not planning to allow \u200cEpic Games\u200c to offer Fortnite in the United States … [+3089 chars]', 'text': "Apple Says Fortnite for iOS Isn't Blocked Worldwide, Just the U.S. Apple today clarified that it has not blocked Epic Games from updating the iOS For ... (45 characters truncated) ... t planning to allow \u200cEpic Games\u200c to offer Fortnite in the United States App Store at the current time.\n\n\n\n\n\nIn a statement to Bloomb…", 'sentiment': 0.9999450083842021}, {'ticker': 'Apple', 'date': '2025-05-16', 'source': 'MacRumors', 'title': 'MacRumors Giveaway: Win an Apple Watch Ultra 2 From GRID Studio', 'description': "For this week's giveaway, we've teamed up with GRID Studio to offer MacRumors readers a chance to win an Apple Watch Ultra 2. GRID Studio is known for taking non-operational Apple devices that would be cluttering up a landfill and turning them into stylish ar…", 'url': 'https://www.macrumors.com/2025/05/16/macrumors-giveaway-grid-studio-apple-watch-may/', 'content': "For this week's giveaway, we've teamed up with GRID Studio to offer MacRumors readers a chance to win an Apple Watch Ultra 2. GRID Studio is known for taking non-operational Apple devices that would … [+3054 chars]", 'text': "MacRumors Giveaway: Win an Apple Watch Ultra 2 From GRID Studio For this week's giveaway, we've teamed up with GRID Studio to offer MacRumors readers ... (26 characters truncated) ... Watch Ultra 2. GRID Studio is known for taking non-operational Apple devices that would be cluttering up a landfill and turning them into stylish ar…", 'sentiment': 0.9935813960619271}, {'ticker': 'Apple', 'date': '2025-05-16', 'source': 'AppleInsider', 'title': 'Apple Pay and Apple Cash experienced an outage on Friday', 'description': 'An Apple Pay and Apple Cash problem left users unable to complete transactions for just over an hour on Friday, as Apple was quick to resolve the issues.Apple Pay and other Apple services experienced an outage on Friday.According to the System Status page on …', 'url': 'https://appleinsider.com/articles/25/05/16/apple-pay-and-apple-cash-experienced-an-outage-on-friday', 'content': 'An Apple Pay and Apple Cash problem left users unable to complete transactions for just over an hour on Friday, as Apple was quick to resolve the issues.\r\nAccording to the System Status page on Apple… [+1332 chars]', 'text': 'Apple Pay and Apple Cash experienced an outage on Friday An Apple Pay and Apple Cash problem left users unable to complete transactions for just over ... (19 characters truncated) ...  as Apple was quick to resolve the issues.Apple Pay and other Apple services experienced an outage on Friday.According to the System Status page on …', 'sentiment': 0.00019655655705719255}, {'ticker': 'Apple', 'date': '2025-05-16', 'source': '9to5Mac', 'title': 'Apple Pay and Apple Cash are down for many iPhone users', 'description': 'Trying to make a payment using your iPhone? You might need to use a third-party service, as Apple Cash appears to be down, and Apple Pay looks to be struggling too.\n\n\n\n more…', 'url': 'https://9to5mac.com/2025/05/16/apple-pay-and-apple-cash-are-down-for-many-iphone-users/', 'content': 'Trying to make a payment using your iPhone? You might need to use a third-party service, as Apple Cash appears to be down, and Apple Pay looks to be struggling too.\r\nMany users on social media have r… [+862 chars]', 'text': 'Apple Pay and Apple Cash are down for many iPhone users Trying to make a payment using your iPhone? You might need to use a third-party service, as Apple Cash appears to be down, and Apple Pay looks to be struggling too.\n\n\n\n more…', 'sentiment': 1.739777781040175e-05}, {'ticker': 'Apple', 'date': '2025-05-16', 'source': '9to5Mac', 'title': 'Apple News+ is quickly becoming a hidden gem in the Apple ecosystem', 'description': '9to5Mac is brought to you by Incogni: Protect your personal info from prying eyes. With Incogni, you can scrub your deeply sensitive information from data brokers across the web, including people search sites. Incogni limits your phone number, address, email,…', 'url': 'https://9to5mac.com/2025/05/16/apple-news-hidden-gen-in-apples-ecosystem/', 'content': '9to5Mac is brought to you by Incogni:Protect your personal info from prying eyes. With Incogni, you can scrub your deeply sensitive information from data brokers across the web, including people sear… [+3639 chars]', 'text': 'Apple News+ is quickly becoming a hidden gem in the Apple ecosystem 9to5Mac is brought to you by Incogni: Protect your personal info from prying eyes ... (30 characters truncated) ... your deeply sensitive information from data brokers across the web, including people search sites. Incogni limits your phone number, address, email,…', 'sentiment': 0.9555330984294415})]
(Background on this error at: https://sqlalche.me/e/14/f405); 9238)
Traceback (most recent call last):
  File "/home/airflow/.local/lib/python3.9/site-packages/sqlalchemy/engine/base.py", line 1890, in _execute_context
    self.dialect.do_executemany(
  File "/home/airflow/.local/lib/python3.9/site-packages/sqlalchemy/dialects/postgresql/psycopg2.py", line 982, in do_executemany
    context._psycopg2_fetched_rows = xtras.execute_values(
  File "/home/airflow/.local/lib/python3.9/site-packages/psycopg2/extras.py", line 1299, in execute_values
    cur.execute(b''.join(parts))
psycopg2.errors.UndefinedColumn: column "ticker" of relation "news_data" does not exist
LINE 1: INSERT INTO news_data (ticker, date, source, title, descript...
                               ^


The above exception was the direct cause of the following exception:

Traceback (most recent call last):
  File "/home/airflow/.local/lib/python3.9/site-packages/airflow/task/task_runner/standard_task_runner.py", line 117, in _start_by_fork
    ret = args.func(args, dag=self.dag)
  File "/home/airflow/.local/lib/python3.9/site-packages/airflow/cli/cli_config.py", line 49, in command
    return func(*args, **kwargs)
  File "/home/airflow/.local/lib/python3.9/site-packages/airflow/utils/cli.py", line 116, in wrapper
    return f(*args, **kwargs)
  File "/home/airflow/.local/lib/python3.9/site-packages/airflow/cli/commands/task_command.py", line 483, in task_run
    task_return_code = _run_task_by_selected_method(args, _dag, ti)
  File "/home/airflow/.local/lib/python3.9/site-packages/airflow/cli/commands/task_command.py", line 256, in _run_task_by_selected_method
    return _run_raw_task(args, ti)
  File "/home/airflow/.local/lib/python3.9/site-packages/airflow/cli/commands/task_command.py", line 341, in _run_raw_task
    return ti._run_raw_task(
  File "/home/airflow/.local/lib/python3.9/site-packages/airflow/utils/session.py", line 97, in wrapper
    return func(*args, session=session, **kwargs)
  File "/home/airflow/.local/lib/python3.9/site-packages/airflow/models/taskinstance.py", line 3006, in _run_raw_task
    return _run_raw_task(
  File "/home/airflow/.local/lib/python3.9/site-packages/airflow/models/taskinstance.py", line 274, in _run_raw_task
    TaskInstance._execute_task_with_callbacks(
  File "/home/airflow/.local/lib/python3.9/site-packages/airflow/models/taskinstance.py", line 3161, in _execute_task_with_callbacks
    result = self._execute_task(context, task_orig)
  File "/home/airflow/.local/lib/python3.9/site-packages/airflow/models/taskinstance.py", line 3185, in _execute_task
    return _execute_task(self, context, task_orig)
  File "/home/airflow/.local/lib/python3.9/site-packages/airflow/models/taskinstance.py", line 768, in _execute_task
    result = _execute_callable(context=context, **execute_callable_kwargs)
  File "/home/airflow/.local/lib/python3.9/site-packages/airflow/models/taskinstance.py", line 734, in _execute_callable
    return ExecutionCallableRunner(
  File "/home/airflow/.local/lib/python3.9/site-packages/airflow/utils/operator_helpers.py", line 252, in run
    return self.func(*args, **kwargs)
  File "/home/airflow/.local/lib/python3.9/site-packages/airflow/models/baseoperator.py", line 424, in wrapper
    return func(self, *args, **kwargs)
  File "/home/airflow/.local/lib/python3.9/site-packages/airflow/operators/python.py", line 238, in execute
    return_value = self.execute_callable()
  File "/home/airflow/.local/lib/python3.9/site-packages/airflow/operators/python.py", line 256, in execute_callable
    return runner.run(*self.op_args, **self.op_kwargs)
  File "/home/airflow/.local/lib/python3.9/site-packages/airflow/utils/operator_helpers.py", line 252, in run
    return self.func(*args, **kwargs)
  File "/opt/airflow/dags/daily_news_sentiment_dag.py", line 171, in fetch_news_and_sentiments
    news_df.to_sql("news_data", con=engine, if_exists="append", index=False)
  File "/home/airflow/.local/lib/python3.9/site-packages/pandas/core/generic.py", line 2951, in to_sql
    return sql.to_sql(
  File "/home/airflow/.local/lib/python3.9/site-packages/pandas/io/sql.py", line 697, in to_sql
    return pandas_sql.to_sql(
  File "/home/airflow/.local/lib/python3.9/site-packages/pandas/io/sql.py", line 1739, in to_sql
    total_inserted = sql_engine.insert_records(
  File "/home/airflow/.local/lib/python3.9/site-packages/pandas/io/sql.py", line 1332, in insert_records
    raise err
  File "/home/airflow/.local/lib/python3.9/site-packages/pandas/io/sql.py", line 1322, in insert_records
    return table.insert(chunksize=chunksize, method=method)
  File "/home/airflow/.local/lib/python3.9/site-packages/pandas/io/sql.py", line 950, in insert
    num_inserted = exec_insert(conn, keys, chunk_iter)
  File "/home/airflow/.local/lib/python3.9/site-packages/pandas/io/sql.py", line 857, in _execute_insert
    result = conn.execute(self.table.insert(), data)
  File "/home/airflow/.local/lib/python3.9/site-packages/sqlalchemy/engine/base.py", line 1385, in execute
    return meth(self, multiparams, params, _EMPTY_EXECUTION_OPTS)
  File "/home/airflow/.local/lib/python3.9/site-packages/sqlalchemy/sql/elements.py", line 334, in _execute_on_connection
    return connection._execute_clauseelement(
  File "/home/airflow/.local/lib/python3.9/site-packages/sqlalchemy/engine/base.py", line 1577, in _execute_clauseelement
    ret = self._execute_context(
  File "/home/airflow/.local/lib/python3.9/site-packages/sqlalchemy/engine/base.py", line 1953, in _execute_context
    self._handle_dbapi_exception(
  File "/home/airflow/.local/lib/python3.9/site-packages/sqlalchemy/engine/base.py", line 2134, in _handle_dbapi_exception
    util.raise_(
  File "/home/airflow/.local/lib/python3.9/site-packages/sqlalchemy/util/compat.py", line 211, in raise_
    raise exception
  File "/home/airflow/.local/lib/python3.9/site-packages/sqlalchemy/engine/base.py", line 1890, in _execute_context
    self.dialect.do_executemany(
  File "/home/airflow/.local/lib/python3.9/site-packages/sqlalchemy/dialects/postgresql/psycopg2.py", line 982, in do_executemany
    context._psycopg2_fetched_rows = xtras.execute_values(
  File "/home/airflow/.local/lib/python3.9/site-packages/psycopg2/extras.py", line 1299, in execute_values
    cur.execute(b''.join(parts))
sqlalchemy.exc.ProgrammingError: (psycopg2.errors.UndefinedColumn) column "ticker" of relation "news_data" does not exist
LINE 1: INSERT INTO news_data (ticker, date, source, title, descript...
                               ^

[SQL: INSERT INTO news_data (ticker, date, source, title, description, url, content, text, sentiment) VALUES (%(ticker)s, %(date)s, %(source)s, %(title)s, %(description)s, %(url)s, %(content)s, %(text)s, %(sentiment)s)]
[parameters: ({'ticker': 'Apple', 'date': '2025-05-16', 'source': 'The Verge', 'title': 'Apple Music’s new transfer tool simplifies switching from other streaming services', 'description': 'To potentially make it easier for users of streaming services like Spotify to switch, Apple Music has introduced a new built-in tool for importing libraries and playlists. A support page added to Apple’s website this week includes details on how to use the fe…', 'url': 'https://www.theverge.com/news/668369/apple-music-transfer-tool-library-playlists', 'content': 'You can transfer songs, albums, and playlists from other services, but its only available in Australia and New Zealand.\r\nYou can transfer songs, albums, and playlists from other services, but its onl… [+2003 chars]', 'text': 'Apple Music’s new transfer tool simplifies switching from other streaming services To potentially make it easier for users of streaming services like ... (45 characters truncated) ... d a new built-in tool for importing libraries and playlists. A support page added to Apple’s website this week includes details on how to use the fe…', 'sentiment': 0.9956304293591529}, {'ticker': 'Apple', 'date': '2025-05-16', 'source': 'MacRumors', 'title': 'Apple Pay, Apple Card, Wallet and Apple Cash Currently Experiencing Service Issues', 'description': "If you're having problems using your Apple Card, Apple Cash, Apple Pay, or the Wallet app, you're not alone. According to Apple's System Status page, there is an ongoing issue affecting these services.\n\n\n\n\n\nApple says that some users may be experiencing issue…", 'url': 'https://www.macrumors.com/2025/05/16/apple-pay-apple-card-wallet-outage/', 'content': "If you're having problems using your Apple Card, Apple Cash, Apple Pay, or the Wallet app, you're not alone. According to Apple's System Status page, there is an ongoing issue affecting these service… [+338 chars]", 'text': "Apple Pay, Apple Card, Wallet and Apple Cash Currently Experiencing Service Issues If you're having problems using your Apple Card, Apple Cash, Apple ... (51 characters truncated) ... g to Apple's System Status page, there is an ongoing issue affecting these services.\n\n\n\n\n\nApple says that some users may be experiencing issue…", 'sentiment': 1.892272894110647e-05}, {'ticker': 'Apple', 'date': '2025-05-16', 'source': 'MacRumors', 'title': 'Best Apple Deals of the Week: Sitewide Sales Hit Anker, Verizon, Samsung, and More, Plus BOGO Apple Watch Band Sale at Woot', 'description': "This week's best deals include a big sitewide sale at Anker that's exclusive to MacRumors readers, a BOGO Apple Watch band sale at Woot, and a couple of solid discounts on iPhone charging stations and Jackery portable batteries at Amazon. We're also tracking …", 'url': 'https://www.macrumors.com/2025/05/16/best-apple-deals-of-the-week-5-16-25/', 'content': "This week's best deals include a big sitewide sale at Anker that's exclusive to MacRumors readers, a BOGO Apple Watch band sale at Woot, and a couple of solid discounts on iPhone charging stations an… [+3940 chars]", 'text': "Best Apple Deals of the Week: Sitewide Sales Hit Anker, Verizon, Samsung, and More, Plus BOGO Apple Watch Band Sale at Woot This week's best deals in ... (86 characters truncated) ...  Watch band sale at Woot, and a couple of solid discounts on iPhone charging stations and Jackery portable batteries at Amazon. We're also tracking …", 'sentiment': 0.9118390008807182}, {'ticker': 'Apple', 'date': '2025-05-16', 'source': 'MacRumors', 'title': 'Apple Stops Signing iPadOS 17.7.7 After Reports of App Login Issues', 'description': 'Apple has stopped signing the iPadOS 17.7.7 update that was released earlier this week for devices unable to run versions of iPadOS 18, meaning that users will not be able to install the update even if they see it available in Software Update. Affected device…', 'url': 'https://www.macrumors.com/2025/05/15/apple-stops-signing-ipados-17-7-7/', 'content': 'Apple has stopped signing the iPadOS 17.7.7 update that was released earlier this week for devices unable to run versions of iPadOS 18, meaning that users will not be able to install the update even … [+1661 chars]', 'text': 'Apple Stops Signing iPadOS 17.7.7 After Reports of App Login Issues Apple has stopped signing the iPadOS 17.7.7 update that was released earlier this ... (30 characters truncated) ... n versions of iPadOS 18, meaning that users will not be able to install the update even if they see it available in Software Update. Affected device…', 'sentiment': 0.003904719320416916}, {'ticker': 'Apple', 'date': '2025-05-16', 'source': 'MacRumors', 'title': "Apple Says Fortnite for iOS Isn't Blocked Worldwide, Just the U.S.", 'description': 'Apple today clarified that it has not blocked Epic Games from updating the iOS Fortnite app in the European Union, but it is not planning to allow \u200cEpic Games\u200c to offer Fortnite in the United States App Store at the current time.\n\n\n\n\n\nIn a statement to Bloomb…', 'url': 'https://www.macrumors.com/2025/05/16/apple-fortnite-ios-not-blocked-worldwide/', 'content': 'Apple today clarified that it has not blocked Epic Games from updating the iOS Fortnite app in the European Union, but it is not planning to allow \u200cEpic Games\u200c to offer Fortnite in the United States … [+3089 chars]', 'text': "Apple Says Fortnite for iOS Isn't Blocked Worldwide, Just the U.S. Apple today clarified that it has not blocked Epic Games from updating the iOS For ... (45 characters truncated) ... t planning to allow \u200cEpic Games\u200c to offer Fortnite in the United States App Store at the current time.\n\n\n\n\n\nIn a statement to Bloomb…", 'sentiment': 0.9999450083842021}, {'ticker': 'Apple', 'date': '2025-05-16', 'source': 'MacRumors', 'title': 'MacRumors Giveaway: Win an Apple Watch Ultra 2 From GRID Studio', 'description': "For this week's giveaway, we've teamed up with GRID Studio to offer MacRumors readers a chance to win an Apple Watch Ultra 2. GRID Studio is known for taking non-operational Apple devices that would be cluttering up a landfill and turning them into stylish ar…", 'url': 'https://www.macrumors.com/2025/05/16/macrumors-giveaway-grid-studio-apple-watch-may/', 'content': "For this week's giveaway, we've teamed up with GRID Studio to offer MacRumors readers a chance to win an Apple Watch Ultra 2. GRID Studio is known for taking non-operational Apple devices that would … [+3054 chars]", 'text': "MacRumors Giveaway: Win an Apple Watch Ultra 2 From GRID Studio For this week's giveaway, we've teamed up with GRID Studio to offer MacRumors readers ... (26 characters truncated) ... Watch Ultra 2. GRID Studio is known for taking non-operational Apple devices that would be cluttering up a landfill and turning them into stylish ar…", 'sentiment': 0.9935813960619271}, {'ticker': 'Apple', 'date': '2025-05-16', 'source': 'AppleInsider', 'title': 'Apple Pay and Apple Cash experienced an outage on Friday', 'description': 'An Apple Pay and Apple Cash problem left users unable to complete transactions for just over an hour on Friday, as Apple was quick to resolve the issues.Apple Pay and other Apple services experienced an outage on Friday.According to the System Status page on …', 'url': 'https://appleinsider.com/articles/25/05/16/apple-pay-and-apple-cash-experienced-an-outage-on-friday', 'content': 'An Apple Pay and Apple Cash problem left users unable to complete transactions for just over an hour on Friday, as Apple was quick to resolve the issues.\r\nAccording to the System Status page on Apple… [+1332 chars]', 'text': 'Apple Pay and Apple Cash experienced an outage on Friday An Apple Pay and Apple Cash problem left users unable to complete transactions for just over ... (19 characters truncated) ...  as Apple was quick to resolve the issues.Apple Pay and other Apple services experienced an outage on Friday.According to the System Status page on …', 'sentiment': 0.00019655655705719255}, {'ticker': 'Apple', 'date': '2025-05-16', 'source': '9to5Mac', 'title': 'Apple Pay and Apple Cash are down for many iPhone users', 'description': 'Trying to make a payment using your iPhone? You might need to use a third-party service, as Apple Cash appears to be down, and Apple Pay looks to be struggling too.\n\n\n\n more…', 'url': 'https://9to5mac.com/2025/05/16/apple-pay-and-apple-cash-are-down-for-many-iphone-users/', 'content': 'Trying to make a payment using your iPhone? You might need to use a third-party service, as Apple Cash appears to be down, and Apple Pay looks to be struggling too.\r\nMany users on social media have r… [+862 chars]', 'text': 'Apple Pay and Apple Cash are down for many iPhone users Trying to make a payment using your iPhone? You might need to use a third-party service, as Apple Cash appears to be down, and Apple Pay looks to be struggling too.\n\n\n\n more…', 'sentiment': 1.739777781040175e-05}, {'ticker': 'Apple', 'date': '2025-05-16', 'source': '9to5Mac', 'title': 'Apple News+ is quickly becoming a hidden gem in the Apple ecosystem', 'description': '9to5Mac is brought to you by Incogni: Protect your personal info from prying eyes. With Incogni, you can scrub your deeply sensitive information from data brokers across the web, including people search sites. Incogni limits your phone number, address, email,…', 'url': 'https://9to5mac.com/2025/05/16/apple-news-hidden-gen-in-apples-ecosystem/', 'content': '9to5Mac is brought to you by Incogni:Protect your personal info from prying eyes. With Incogni, you can scrub your deeply sensitive information from data brokers across the web, including people sear… [+3639 chars]', 'text': 'Apple News+ is quickly becoming a hidden gem in the Apple ecosystem 9to5Mac is brought to you by Incogni: Protect your personal info from prying eyes ... (30 characters truncated) ... your deeply sensitive information from data brokers across the web, including people search sites. Incogni limits your phone number, address, email,…', 'sentiment': 0.9555330984294415})]
(Background on this error at: https://sqlalche.me/e/14/f405)
[2025-05-17T06:09:43.785+0000] {local_task_job_runner.py:266} INFO - Task exited with return code 1
[2025-05-17T06:09:43.805+0000] {taskinstance.py:3901} INFO - 0 downstream tasks scheduled from follow-on schedule check
[2025-05-17T06:09:43.807+0000] {local_task_job_runner.py:245} INFO - ::endgroup::
